TN:
SF:C:\visconti\IT\site\visconti-ui\src\polyfills.ts
FNF:0
FNH:0
LF:0
LH:0
BRF:0
BRH:0
end_of_record
TN:
SF:C:\visconti\IT\site\visconti-ui\src\test.ts
FNF:0
FNH:0
DA:13,1
DA:18,1
DA:20,1
LF:3
LH:3
BRF:0
BRH:0
end_of_record
TN:
SF:C:\visconti\IT\site\visconti-ui\src\app\app.component.ts
FN:18,(anonymous_0)
FN:25,AppComponent
FN:30,(anonymous_2)
FN:36,(anonymous_3)
FNF:4
FNH:2
FNDA:1,(anonymous_0)
FNDA:1,AppComponent
FNDA:0,(anonymous_2)
FNDA:0,(anonymous_3)
DA:18,1
DA:26,1
DA:27,1
DA:30,1
DA:32,0
DA:33,0
DA:36,0
DA:40,1
LF:8
LH:5
BRF:0
BRH:0
end_of_record
TN:
SF:C:\visconti\IT\site\visconti-ui\src\app\shared\models\user.ts
FN:1,(anonymous_0)
FN:6,UserModel
FN:11,(anonymous_2)
FN:14,(anonymous_3)
FN:18,(anonymous_4)
FN:21,(anonymous_5)
FNF:6
FNH:4
FNDA:1,(anonymous_0)
FNDA:4,UserModel
FNDA:1,(anonymous_2)
FNDA:0,(anonymous_3)
FNDA:1,(anonymous_4)
FNDA:0,(anonymous_5)
DA:1,1
DA:7,4
DA:8,4
DA:11,1
DA:12,1
DA:15,0
DA:18,1
DA:19,1
DA:22,0
DA:25,1
LF:10
LH:8
BRDA:7,0,0,4
BRDA:7,0,1,1
BRDA:8,1,0,4
BRDA:8,1,1,1
BRF:4
BRH:4
end_of_record
TN:
SF:C:\visconti\IT\site\visconti-ui\src\app\shared\services\globals.service.ts
FN:6,(anonymous_0)
FN:11,GlobalsService
FN:14,(anonymous_2)
FNF:3
FNH:2
FNDA:1,(anonymous_0)
FNDA:3,GlobalsService
FNDA:0,(anonymous_2)
DA:6,1
DA:9,3
DA:14,3
DA:15,0
DA:17,1
LF:5
LH:4
BRF:0
BRH:0
end_of_record
TN:
SF:C:\visconti\IT\site\visconti-ui\src\app\shared\services\user.service.ts
FN:17,(anonymous_0)
FN:27,UserService
FN:31,(anonymous_2)
FN:36,(anonymous_3)
FN:45,(anonymous_4)
FNF:5
FNH:4
FNDA:1,(anonymous_0)
FNDA:2,UserService
FNDA:0,(anonymous_2)
FNDA:2,(anonymous_3)
FNDA:4,(anonymous_4)
DA:17,1
DA:19,2
DA:24,2
DA:25,2
DA:28,2
DA:31,1
DA:32,0
DA:36,1
DA:37,2
DA:45,1
DA:46,4
DA:47,4
DA:50,1
LF:13
LH:12
BRF:0
BRH:0
end_of_record
